<?xml version="1.0" encoding="utf-8"?><testsuites name="pytest tests"><testsuite name="pytest" errors="0" failures="0" skipped="0" tests="10" time="1.794" timestamp="2026-01-06T05:55:04.854388+00:00" hostname="agent-env-a94a9b5e-5129-4531-90ac-07f382337a28"><testcase classname="tests.test_backend_api.TestHealthEndpoints" name="test_health_check" time="0.083" /><testcase classname="tests.test_backend_api.TestHealthEndpoints" name="test_root_status" time="0.078" /><testcase classname="tests.test_backend_api.TestFeaturesEndpoint" name="test_get_features" time="0.037" /><testcase classname="tests.test_backend_api.TestAuthEndpoints" name="test_login_invalid_credentials" time="1.264" /><testcase classname="tests.test_backend_api.TestAuthEndpoints" name="test_register_missing_fields" time="0.038" /><testcase classname="tests.test_backend_api.TestProjectEndpoints" name="test_get_projects_requires_user_id" time="0.081" /><testcase classname="tests.test_backend_api.TestBuildEndpoints" name="test_get_builds_requires_user_id" time="0.041" /><testcase classname="tests.test_backend_api.TestAPIKeyEndpoints" name="test_get_api_keys_requires_user_id" time="0.039" /><testcase classname="tests.test_backend_api.TestAdminEndpoints" name="test_admin_users_requires_admin" time="0.038" /><testcase classname="tests.test_backend_api.TestAdminEndpoints" name="test_admin_analytics_requires_admin" time="0.034" /></testsuite></testsuites>